0 info it worked if it ends with ok
1 verbose cli [ '/usr/bin/nodejs', '/usr/bin/npm', 'run', 'start:dev' ]
2 info using npm@3.5.2
3 info using node@v4.2.6
4 verbose run-script [ 'prestart:dev', 'start:dev', 'poststart:dev' ]
5 info lifecycle react_practice@1.0.0~prestart:dev: react_practice@1.0.0
6 silly lifecycle react_practice@1.0.0~prestart:dev: no script for prestart:dev, continuing
7 info lifecycle react_practice@1.0.0~start:dev: react_practice@1.0.0
8 verbose lifecycle react_practice@1.0.0~start:dev: unsafe-perm in lifecycle true
9 verbose lifecycle react_practice@1.0.0~start:dev: PATH: /usr/share/npm/bin/node-gyp-bin:/home/kpapp/Practice/react_practice/node_modules/.bin:/home/kpapp/.rvm/gems/ruby-2.6.0@fluenta-policies/bin:/home/kpapp/.rvm/gems/ruby-2.6.0@global/bin:/home/kpapp/.rvm/rubies/ruby-2.6.0/bin:/home/kpapp/bin:/home/kpapp/.local/bin:/usr/local/sbin:/usr/local/bin:/usr/sbin:/usr/bin:/sbin:/bin:/usr/games:/usr/local/games:/usr/lib/jvm/java-8-oracle/bin:/usr/lib/jvm/java-8-oracle/db/bin:/usr/lib/jvm/java-8-oracle/jre/bin:/home/kpapp/.rvm/bin
10 verbose lifecycle react_practice@1.0.0~start:dev: CWD: /home/kpapp/Practice/react_practice
11 silly lifecycle react_practice@1.0.0~start:dev: Args: [ '-c', 'webpack-dev-server --mode development' ]
12 silly lifecycle react_practice@1.0.0~start:dev: Returned: code: 1  signal: null
13 info lifecycle react_practice@1.0.0~start:dev: Failed to exec start:dev script
14 verbose stack Error: react_practice@1.0.0 start:dev: `webpack-dev-server --mode development`
14 verbose stack Exit status 1
14 verbose stack     at EventEmitter.<anonymous> (/usr/share/npm/lib/utils/lifecycle.js:232:16)
14 verbose stack     at emitTwo (events.js:87:13)
14 verbose stack     at EventEmitter.emit (events.js:172:7)
14 verbose stack     at ChildProcess.<anonymous> (/usr/share/npm/lib/utils/spawn.js:24:14)
14 verbose stack     at emitTwo (events.js:87:13)
14 verbose stack     at ChildProcess.emit (events.js:172:7)
14 verbose stack     at maybeClose (internal/child_process.js:821:16)
14 verbose stack     at Process.ChildProcess._handle.onexit (internal/child_process.js:211:5)
15 verbose pkgid react_practice@1.0.0
16 verbose cwd /home/kpapp/Practice/react_practice
17 error Linux 4.10.0-38-generic
18 error argv "/usr/bin/nodejs" "/usr/bin/npm" "run" "start:dev"
19 error node v4.2.6
20 error npm  v3.5.2
21 error code ELIFECYCLE
22 error react_practice@1.0.0 start:dev: `webpack-dev-server --mode development`
22 error Exit status 1
23 error Failed at the react_practice@1.0.0 start:dev script 'webpack-dev-server --mode development'.
23 error Make sure you have the latest version of node.js and npm installed.
23 error If you do, this is most likely a problem with the react_practice package,
23 error not with npm itself.
23 error Tell the author that this fails on your system:
23 error     webpack-dev-server --mode development
23 error You can get information on how to open an issue for this project with:
23 error     npm bugs react_practice
23 error Or if that isn't available, you can get their info via:
23 error     npm owner ls react_practice
23 error There is likely additional logging output above.
24 verbose exit [ 1, true ]
